


ARM Macro Assembler    Page 1 


    1 00000000                 GLOBAL           delay10uss
    2 00000000                 GLOBAL           LCD_pinss
    3 00000000                 GLOBAL           LCD_inits
    4 00000000                 GLOBAL           LCD_cmds
    5 00000000                 GLOBAL           LCD_chars
    6 00000000                 GLOBAL           LCD_clear
    7 00000000                 GLOBAL           LCD_strings
    8 00000000                 AREA             lcd_subss, CODE, READONLY
    9 00000000         
   10 00000000 E002C004 
                       PINSEL1 EQU              0xE002C004
   11 00000000 E002C014 
                       PINSEL2 EQU              0xE002C014
   12 00000000 E0028008 
                       IO0DIR  EQU              0xE0028008
   13 00000000 E0028018 
                       IO1DIR  EQU              0xE0028018
   14 00000000 E0028004 
                       IO0SET  EQU              0xE0028004
   15 00000000 E002800C 
                       IO0CLR  EQU              0xE002800C
   16 00000000 E0028014 
                       IO1SET  EQU              0xE0028014
   17 00000000 E002801C 
                       IO1CLR  EQU              0xE002801C
   18 00000000         
   19 00000000 00FF0000 
                       LCD_DATA
                               EQU              0x00FF0000  ;P1.16 - P1.23
   20 00000000 01000000 
                       LCD_RS  EQU              0x01000000  ;P1.24
   21 00000000 02000000 
                       LCD_E   EQU              0x02000000  ;P1.25
   22 00000000 00400000 
                       LCD_RW  EQU              0x00400000  ;P0.22
   23 00000000 40000000 
                       LCD_LIGHT
                               EQU              0x40000000  ;P0.30
   24 00000000         
   25 00000000 00B71B00 
                       CLOCK   EQU              12000000
   26 00000000 0000001E 
                       DELAY10U
                               EQU              (CLOCK/400000)
   27 00000000         
   28 00000000 E92D4001 
                       delay10uss
                               STMFD            SP!, {r0, LR}
   29 00000004 E10F0000        MRS              r0, CPSR
   30 00000008 E92D0001        STMFD            SP!, {r0}
   31 0000000C         
   32 0000000C E3A0001E        LDR              r0, =DELAY10U
   33 00000010 E2500001 
                       LOOP    SUBS             r0, r0, #1
   34 00000014 1AFFFFFD        BNE              LOOP
   35 00000018         
   36 00000018 E8BD0001        LDMFD            SP!, {r0}
   37 0000001C E128F000        MSR              CPSR_f, r0
   38 00000020 E8BD8001        LDMFD            SP!, {r0, PC}



ARM Macro Assembler    Page 2 


   39 00000024         
   40 00000024 E92D4007 
                       LCD_pinss
                               STMFD            SP!, {r0-r2, LR}
   41 00000028 E10F0000        MRS              r0, CPSR
   42 0000002C E92D0001        STMFD            SP!, {r0}
   43 00000030         
   44 00000030         ;Set P0.22 & P0.30 as GPIO
   45 00000030 E59F1264        LDR              r1, =PINSEL1
   46 00000034 E5910000        LDR              r0, [r1]    ;read contents of P
                                                            INSEL1 save into r0
                                                            
   47 00000038 E59F2260        LDR              r2, =0x30003000
   48 0000003C E1C00002        BIC              r0, r0, r2  ;modify conents by 
                                                            clearing [13:12] an
                                                            d [29:28]
   49 00000040 E5810000        STR              r0, [r1]    ;write value back i
                                                            nto PINSEL1
   50 00000044         ;Set P1.16-P1.23 as GPIO
   51 00000044 E59F1258        LDR              r1, =PINSEL2
   52 00000048 E5910000        LDR              r0, [r1]    ;read contents of P
                                                            INSEL2 save into r0
                                                            
   53 0000004C E3C00008        BIC              r0, r0, #0x8 ;modify contents b
                                                            y clearing bit 3
   54 00000050 E5810000        STR              r0, [r1]    ;write value back i
                                                            nto PINSEL2
   55 00000054         ;Set P0.22 & P0.30 as outputs
   56 00000054 E59F124C        LDR              r1, =IO0DIR
   57 00000058 E5910000        LDR              r0, [r1]    ;read contents of I
                                                            O0DIR
   58 0000005C E59F2248        LDR              r2, =0x40400000
   59 00000060 E1800002        ORR              r0, r0, r2  ;modify contents to
                                                             set Bit 22 and 30
   60 00000064 E5810000        STR              r0, [r1]    ;write back into IO
                                                            0DIR
   61 00000068         ;Set P1.16 - P1.23 as outputs
   62 00000068 E59F1240        LDR              r1, =IO1DIR
   63 0000006C E5910000        LDR              r0, [r1]    ;read contents of I
                                                            O1DIR
   64 00000070 E59F223C        LDR              r2, =0x3FF0000
   65 00000074 E1800002        ORR              r0, r0, r2  ;modify contents to
                                                             set Bits [25:16]
   66 00000078 E5810000        STR              r0, [r1]    ;write back into IO
                                                            1DIR
   67 0000007C         ;Turn backlight on
   68 0000007C E59F3234        LDR              r3, =IO0SET
   69 00000080 E3A00101        LDR              r0, =LCD_LIGHT
   70 00000084 E5830000        STR              r0, [r3]
   71 00000088         
   72 00000088 E8BD0001        LDMFD            SP!, {r0}
   73 0000008C E128F000        MSR              CPSR_f, r0
   74 00000090 E8BD8007        LDMFD            SP!, {r0-r2, PC}
   75 00000094         
   76 00000094 E92D403F 
                       LCD_cmds
                               STMFD            SP!, {r0-r5, LR}
   77 00000098 E10F0000        MRS              r0, CPSR
   78 0000009C E92D0001        STMFD            SP!, {r0}



ARM Macro Assembler    Page 3 


   79 000000A0         
   80 000000A0 E59F1214        LDR              r1, =IO1SET
   81 000000A4 E59F2214        LDR              r2, =IO1CLR
   82 000000A8 E59F3208        LDR              r3, =IO0SET
   83 000000AC E59F4210        LDR              r4, =IO0CLR
   84 000000B0         
   85 000000B0 E1A06806        LSL              r6, #16     ;r6 contains comman
                                                            d, shift by 16 to a
                                                            lign
   86 000000B4         
   87 000000B4 E3A008FF        LDR              r0, =LCD_DATA
   88 000000B8 E5820000        STR              r0, [r2]    ;Clear data line
   89 000000BC E5816000        STR              r6, [r1]    ;Send command
   90 000000C0         
   91 000000C0 E3A00401        LDR              r0, =LCD_RS
   92 000000C4 E5820000        STR              r0, [r2]    ;RS = 0
   93 000000C8 E3A00501        LDR              r0, =LCD_RW
   94 000000CC E5840000        STR              r0, [r4]    ;RW = 0
   95 000000D0 E3A00402        LDR              r0, =LCD_E
   96 000000D4 E5820000        STR              r0, [r2]    ;E = 0
   97 000000D8 EBFFFFFE        BL               delay10uss
   98 000000DC         
   99 000000DC E3A00402        LDR              r0, =LCD_E
  100 000000E0 E5810000        STR              r0, [r1]    ;E = 1
  101 000000E4 EBFFFFFE        BL               delay10uss
  102 000000E8         
  103 000000E8 E3A00402        LDR              r0, =LCD_E
  104 000000EC E5820000        STR              r0, [r2]    ;E = 0
  105 000000F0 E3A05004        MOV              r5, #4
  106 000000F4 EBFFFFFE 
                       delay40 BL               delay10uss
  107 000000F8 E2555001        SUBS             r5, r5, #1
  108 000000FC 1AFFFFFC        BNE              delay40
  109 00000100         
  110 00000100 E8BD0001        LDMFD            SP!, {r0}
  111 00000104 E128F000        MSR              CPSR_f, r0
  112 00000108 E8BD803F        LDMFD            SP!, {r0-r5, PC}
  113 0000010C         
  114 0000010C E92D403F 
                       LCD_chars
                               STMFD            SP!, {r0-r5, LR}
  115 00000110 E10F0000        MRS              r0, CPSR
  116 00000114 E92D0001        STMFD            SP!, {r0}
  117 00000118         
  118 00000118 E59F119C        LDR              r1, =IO1SET
  119 0000011C E59F219C        LDR              r2, =IO1CLR
  120 00000120 E59F3190        LDR              r3, =IO0SET
  121 00000124 E59F4198        LDR              r4, =IO0CLR
  122 00000128         
  123 00000128 E1A06806        LSL              r6, #16     ;r6 contains comman
                                                            d, shift by 16 to a
                                                            lign
  124 0000012C         
  125 0000012C E3A008FF        LDR              r0, =LCD_DATA
  126 00000130 E5820000        STR              r0, [r2]    ;Clear data line
  127 00000134 E5816000        STR              r6, [r1]    ;Send command
  128 00000138         
  129 00000138 E3A00401        LDR              r0, =LCD_RS
  130 0000013C E5810000        STR              r0, [r1]    ;RS = 1



ARM Macro Assembler    Page 4 


  131 00000140 E3A00501        LDR              r0, =LCD_RW
  132 00000144 E5840000        STR              r0, [r4]    ;RW = 0
  133 00000148 E3A00402        LDR              r0, =LCD_E
  134 0000014C E5820000        STR              r0, [r2]    ;E = 0
  135 00000150 EBFFFFFE        BL               delay10uss
  136 00000154         
  137 00000154 E3A00402        LDR              r0, =LCD_E
  138 00000158 E5810000        STR              r0, [r1]    ;E = 1
  139 0000015C EBFFFFFE        BL               delay10uss
  140 00000160         
  141 00000160 E3A00402        LDR              r0, =LCD_E
  142 00000164 E5820000        STR              r0, [r2]    ;E = 0
  143 00000168 E3A05004        MOV              r5, #4
  144 0000016C EBFFFFFE 
                       delay40m
                               BL               delay10uss
  145 00000170 E2555001        SUBS             r5, r5, #1
  146 00000174 1AFFFFFC        BNE              delay40m
  147 00000178         
  148 00000178 E8BD0001        LDMFD            SP!, {r0}
  149 0000017C E128F000        MSR              CPSR_f, r0
  150 00000180 E8BD803F        LDMFD            SP!, {r0-r5, PC}
  151 00000184         
  152 00000184 E92D407F 
                       LCD_inits
                               STMFD            SP!, {r0-r6, LR}
  153 00000188 E10F0000        MRS              r0, CPSR
  154 0000018C E92D0001        STMFD            SP!, {r0}
  155 00000190         
  156 00000190 E59F1124        LDR              r1, =IO1SET
  157 00000194 E59F2124        LDR              r2, =IO1CLR
  158 00000198 E59F3118        LDR              r3, =IO0SET
  159 0000019C E59F4120        LDR              r4, =IO0CLR
  160 000001A0         
  161 000001A0         
  162 000001A0 E3A00401        LDR              r0, =LCD_RS
  163 000001A4 E5820000        STR              r0, [r2]    ;RS = 0
  164 000001A8 E3A00501        LDR              r0, =LCD_RW
  165 000001AC E5840000        STR              r0, [r4]    ;RW = 0
  166 000001B0 E3A00402        LDR              r0, =LCD_E
  167 000001B4 E5820000        STR              r0, [r2]    ;E = 0
  168 000001B8 E59F5108        LDR              r5, =0x5DC
  169 000001BC EBFFFFFE 
                       delay15m
                               BL               delay10uss
  170 000001C0 E2555001        SUBS             r5, r5, #1
  171 000001C4 1AFFFFFC        BNE              delay15m
  172 000001C8         
  173 000001C8 E3A06030        MOV              r6, #0x30
  174 000001CC EBFFFFFE        BL               LCD_cmds    ;send 1st time
  175 000001D0 E59F50F4        LDR              r5, =0x19A
  176 000001D4 EBFFFFFE 
                       delay4m BL               delay10uss
  177 000001D8 E2555001        SUBS             r5, r5, #1
  178 000001DC 1AFFFFFC        BNE              delay4m
  179 000001E0         
  180 000001E0 EBFFFFFE        BL               LCD_cmds    ;send 2nd time
  181 000001E4 E3A0500A        MOV              r5, #10
  182 000001E8 EBFFFFFE 



ARM Macro Assembler    Page 5 


                       delay100u
                               BL               delay10uss
  183 000001EC E2555001        SUBS             r5, r5, #1
  184 000001F0 1AFFFFFC        BNE              delay100u
  185 000001F4         
  186 000001F4 EBFFFFFE        BL               LCD_cmds    ;send 3rd time
  187 000001F8 E59F50CC        LDR              r5, =0x19A
  188 000001FC EBFFFFFE 
                       delay4m1
                               BL               delay10uss
  189 00000200 E2555001        SUBS             r5, r5, #1
  190 00000204 1AFFFFFC        BNE              delay4m1
  191 00000208         
  192 00000208 E3A06038        LDR              r6, =0x38
  193 0000020C EBFFFFFE        BL               LCD_cmds
  194 00000210 E3A0600C        LDR              r6, =0x0C
  195 00000214 EBFFFFFE        BL               LCD_cmds
  196 00000218 E3A06001        LDR              r6, =0x01
  197 0000021C EBFFFFFE        BL               LCD_cmds
  198 00000220 E3A06006        LDR              r6, =0x06
  199 00000224 EBFFFFFE        BL               LCD_cmds
  200 00000228         
  201 00000228 E3A00101        LDR              r0, =LCD_LIGHT
  202 0000022C E5840000        STR              r0, [r4]
  203 00000230         
  204 00000230 E8BD0001        LDMFD            SP!, {r0}
  205 00000234 E128F000        MSR              CPSR_f, r0
  206 00000238 E8BD807F        LDMFD            SP!, {r0-r6, PC}
  207 0000023C         
  208 0000023C E92D403F 
                       LCD_strings
                               STMFD            SP!, {r0-r5, LR}
  209 00000240 E10F0000        MRS              r0, CPSR
  210 00000244 E92D0001        STMFD            SP!, {r0}
  211 00000248 EBFFFFFE        BL               LCD_cmds    ;send command to se
                                                            t curosr position
  212 0000024C E3A050C8        MOV              r5, #200
  213 00000250 EBFFFFFE 
                       delay200m
                               BL               delay10uss
  214 00000254 E2555001        SUBS             r5, r5, #1
  215 00000258 1AFFFFFC        BNE              delay200m
  216 0000025C         
  217 0000025C E4D86001 
                       stringloop
                               LDRB             r6, [r8], #1 ;get a character f
                                                            rom string, post in
                                                            dex by 1 passed thr
                                                            ough r8
  218 00000260 E3560000        CMP              r6, #0      ;check for end of s
                                                            tring
  219 00000264 0A000001        BEQ              exit        ;leave if end found
                                                            
  220 00000268 EBFFFFFE        BL               LCD_chars
  221 0000026C EAFFFFFA        B                stringloop
  222 00000270         exit
  223 00000270 E8BD0001        LDMFD            SP!, {r0}
  224 00000274 E128F000        MSR              CPSR_f, r0
  225 00000278 E8BD803F        LDMFD            SP!, {r0-r5, PC}



ARM Macro Assembler    Page 6 


  226 0000027C         
  227 0000027C E92D407F 
                       LCD_clear
                               STMFD            SP!, {r0-r6, LR}
  228 00000280 E10F0000        MRS              r0, CPSR
  229 00000284 E92D0001        STMFD            SP!, {r0}
  230 00000288         
  231 00000288 E3A06001        LDR              r6, =0x01
  232 0000028C EBFFFFFE        BL               LCD_cmds
  233 00000290         
  234 00000290 E8BD0001        LDMFD            SP!, {r0}
  235 00000294 E128F000        MSR              CPSR_f, r0
  236 00000298 E8BD807F        LDMFD            SP!, {r0-r6, PC}
  237 0000029C         
  238 0000029C                 END
              E002C004 
              30003000 
              E002C014 
              E0028008 
              40400000 
              E0028018 
              03FF0000 
              E0028004 
              E0028014 
              E002801C 
              E002800C 
              000005DC 
              0000019A 
Command Line: --debug --xref --diag_suppress=9931 --apcs=interwork --depend=.\o
bjects\lcd_subbs.d -o.\objects\lcd_subbs.o -IC:\Keil_v5\ARM\RV31\INC -IC:\Keil_
v5\ARM\CMSIS\Include -IC:\Keil_v5\ARM\INC\Philips --predefine="__EVAL SETA 1" -
-predefine="__UVISION_VERSION SETA 525" --list=.\listings\lcd_subbs.lst lcd_sub
bs.s



ARM Macro Assembler    Page 1 Alphabetic symbol ordering
Relocatable symbols

LCD_chars 0000010C

Symbol: LCD_chars
   Definitions
      At line 114 in file lcd_subbs.s
   Uses
      At line 5 in file lcd_subbs.s
      At line 220 in file lcd_subbs.s

LCD_clear 0000027C

Symbol: LCD_clear
   Definitions
      At line 227 in file lcd_subbs.s
   Uses
      At line 6 in file lcd_subbs.s
Comment: LCD_clear used once
LCD_cmds 00000094

Symbol: LCD_cmds
   Definitions
      At line 76 in file lcd_subbs.s
   Uses
      At line 4 in file lcd_subbs.s
      At line 174 in file lcd_subbs.s
      At line 180 in file lcd_subbs.s
      At line 186 in file lcd_subbs.s
      At line 193 in file lcd_subbs.s
      At line 195 in file lcd_subbs.s
      At line 197 in file lcd_subbs.s
      At line 199 in file lcd_subbs.s
      At line 211 in file lcd_subbs.s
      At line 232 in file lcd_subbs.s

LCD_inits 00000184

Symbol: LCD_inits
   Definitions
      At line 152 in file lcd_subbs.s
   Uses
      At line 3 in file lcd_subbs.s
Comment: LCD_inits used once
LCD_pinss 00000024

Symbol: LCD_pinss
   Definitions
      At line 40 in file lcd_subbs.s
   Uses
      At line 2 in file lcd_subbs.s
Comment: LCD_pinss used once
LCD_strings 0000023C

Symbol: LCD_strings
   Definitions
      At line 208 in file lcd_subbs.s
   Uses
      At line 7 in file lcd_subbs.s
Comment: LCD_strings used once
LOOP 00000010



ARM Macro Assembler    Page 2 Alphabetic symbol ordering
Relocatable symbols


Symbol: LOOP
   Definitions
      At line 33 in file lcd_subbs.s
   Uses
      At line 34 in file lcd_subbs.s
Comment: LOOP used once
delay100u 000001E8

Symbol: delay100u
   Definitions
      At line 182 in file lcd_subbs.s
   Uses
      At line 184 in file lcd_subbs.s
Comment: delay100u used once
delay10uss 00000000

Symbol: delay10uss
   Definitions
      At line 28 in file lcd_subbs.s
   Uses
      At line 1 in file lcd_subbs.s
      At line 97 in file lcd_subbs.s
      At line 101 in file lcd_subbs.s
      At line 106 in file lcd_subbs.s
      At line 135 in file lcd_subbs.s
      At line 139 in file lcd_subbs.s
      At line 144 in file lcd_subbs.s
      At line 169 in file lcd_subbs.s
      At line 176 in file lcd_subbs.s
      At line 182 in file lcd_subbs.s
      At line 188 in file lcd_subbs.s
      At line 213 in file lcd_subbs.s

delay15m 000001BC

Symbol: delay15m
   Definitions
      At line 169 in file lcd_subbs.s
   Uses
      At line 171 in file lcd_subbs.s
Comment: delay15m used once
delay200m 00000250

Symbol: delay200m
   Definitions
      At line 213 in file lcd_subbs.s
   Uses
      At line 215 in file lcd_subbs.s
Comment: delay200m used once
delay40 000000F4

Symbol: delay40
   Definitions
      At line 106 in file lcd_subbs.s
   Uses
      At line 108 in file lcd_subbs.s
Comment: delay40 used once
delay40m 0000016C



ARM Macro Assembler    Page 3 Alphabetic symbol ordering
Relocatable symbols


Symbol: delay40m
   Definitions
      At line 144 in file lcd_subbs.s
   Uses
      At line 146 in file lcd_subbs.s
Comment: delay40m used once
delay4m 000001D4

Symbol: delay4m
   Definitions
      At line 176 in file lcd_subbs.s
   Uses
      At line 178 in file lcd_subbs.s
Comment: delay4m used once
delay4m1 000001FC

Symbol: delay4m1
   Definitions
      At line 188 in file lcd_subbs.s
   Uses
      At line 190 in file lcd_subbs.s
Comment: delay4m1 used once
exit 00000270

Symbol: exit
   Definitions
      At line 222 in file lcd_subbs.s
   Uses
      At line 219 in file lcd_subbs.s
Comment: exit used once
lcd_subss 00000000

Symbol: lcd_subss
   Definitions
      At line 8 in file lcd_subbs.s
   Uses
      None
Comment: lcd_subss unused
stringloop 0000025C

Symbol: stringloop
   Definitions
      At line 217 in file lcd_subbs.s
   Uses
      At line 221 in file lcd_subbs.s
Comment: stringloop used once
18 symbols



ARM Macro Assembler    Page 1 Alphabetic symbol ordering
Absolute symbols

CLOCK 00B71B00

Symbol: CLOCK
   Definitions
      At line 25 in file lcd_subbs.s
   Uses
      At line 26 in file lcd_subbs.s
Comment: CLOCK used once
DELAY10U 0000001E

Symbol: DELAY10U
   Definitions
      At line 26 in file lcd_subbs.s
   Uses
      At line 32 in file lcd_subbs.s
Comment: DELAY10U used once
IO0CLR E002800C

Symbol: IO0CLR
   Definitions
      At line 15 in file lcd_subbs.s
   Uses
      At line 83 in file lcd_subbs.s
      At line 121 in file lcd_subbs.s
      At line 159 in file lcd_subbs.s

IO0DIR E0028008

Symbol: IO0DIR
   Definitions
      At line 12 in file lcd_subbs.s
   Uses
      At line 56 in file lcd_subbs.s
Comment: IO0DIR used once
IO0SET E0028004

Symbol: IO0SET
   Definitions
      At line 14 in file lcd_subbs.s
   Uses
      At line 68 in file lcd_subbs.s
      At line 82 in file lcd_subbs.s
      At line 120 in file lcd_subbs.s
      At line 158 in file lcd_subbs.s

IO1CLR E002801C

Symbol: IO1CLR
   Definitions
      At line 17 in file lcd_subbs.s
   Uses
      At line 81 in file lcd_subbs.s
      At line 119 in file lcd_subbs.s
      At line 157 in file lcd_subbs.s

IO1DIR E0028018

Symbol: IO1DIR
   Definitions



ARM Macro Assembler    Page 2 Alphabetic symbol ordering
Absolute symbols

      At line 13 in file lcd_subbs.s
   Uses
      At line 62 in file lcd_subbs.s
Comment: IO1DIR used once
IO1SET E0028014

Symbol: IO1SET
   Definitions
      At line 16 in file lcd_subbs.s
   Uses
      At line 80 in file lcd_subbs.s
      At line 118 in file lcd_subbs.s
      At line 156 in file lcd_subbs.s

LCD_DATA 00FF0000

Symbol: LCD_DATA
   Definitions
      At line 19 in file lcd_subbs.s
   Uses
      At line 87 in file lcd_subbs.s
      At line 125 in file lcd_subbs.s

LCD_E 02000000

Symbol: LCD_E
   Definitions
      At line 21 in file lcd_subbs.s
   Uses
      At line 95 in file lcd_subbs.s
      At line 99 in file lcd_subbs.s
      At line 103 in file lcd_subbs.s
      At line 133 in file lcd_subbs.s
      At line 137 in file lcd_subbs.s
      At line 141 in file lcd_subbs.s
      At line 166 in file lcd_subbs.s

LCD_LIGHT 40000000

Symbol: LCD_LIGHT
   Definitions
      At line 23 in file lcd_subbs.s
   Uses
      At line 69 in file lcd_subbs.s
      At line 201 in file lcd_subbs.s

LCD_RS 01000000

Symbol: LCD_RS
   Definitions
      At line 20 in file lcd_subbs.s
   Uses
      At line 91 in file lcd_subbs.s
      At line 129 in file lcd_subbs.s
      At line 162 in file lcd_subbs.s

LCD_RW 00400000

Symbol: LCD_RW



ARM Macro Assembler    Page 3 Alphabetic symbol ordering
Absolute symbols

   Definitions
      At line 22 in file lcd_subbs.s
   Uses
      At line 93 in file lcd_subbs.s
      At line 131 in file lcd_subbs.s
      At line 164 in file lcd_subbs.s

PINSEL1 E002C004

Symbol: PINSEL1
   Definitions
      At line 10 in file lcd_subbs.s
   Uses
      At line 45 in file lcd_subbs.s
Comment: PINSEL1 used once
PINSEL2 E002C014

Symbol: PINSEL2
   Definitions
      At line 11 in file lcd_subbs.s
   Uses
      At line 51 in file lcd_subbs.s
Comment: PINSEL2 used once
15 symbols
367 symbols in table
