


ARM Macro Assembler    Page 1 


    1 00000000                 GLOBAL           SUBRTS
    2 00000000                 GLOBAL           BRANCHBACK
    3 00000000                 AREA             mycode, CODE, readonly
    4 00000000         SUBRTS
    5 00000000 E002C000 
                       PINSEL0 EQU              0XE002C000
    6 00000000 E0028000 
                       IO0PIN  EQU              0XE0028000
    7 00000000 00000004 
                       IO0SET  EQU              0X4
    8 00000000 00000008 
                       IO0DIR  EQU              0X8
    9 00000000 0000000C 
                       IO0CLR  EQU              0XC
   10 00000000 0000FF00 
                       LEDMASK EQU              0xFF00
   11 00000000 00B71B00 
                       CLOCK   EQU              12000000
   12 00000000 0000001E 
                       DELAY10U
                               EQU              (CLOCK/400000)
   13 00000000 E3A02000        MOV              r2, #0
   14 00000004 E59F3044        LDR              r3, =PINSEL0
   15 00000008 E5832000        STR              r2,[r3]
   16 0000000C E59F3040        LDR              R3, =IO0PIN
   17 00000010 E5934008        LDR              R4, [r3,#IO0DIR]
   18 00000014 E3A02CFF        LDR              R2,= 0xFF00
   19 00000018 E1844002        ORR              R4,R4,R2
   20 0000001C E5834008        STR              R4, [r3,#IO0DIR]
   21 00000020 E3A02CFF        MOV              r2,    #0x0000FF00 
                                                            ;turns LEDs off
   22 00000024 E5832004        STR              r2, [r3,#IO0SET]
   23 00000028 EF000001        SWI              #1
   24 0000002C E3A0001E        LDR              r0, =DELAY10U
   25 00000030 E2500001 
                       LOOP    SUBS             r0, r0, #1
   26 00000034 1AFFFFFD        BNE              LOOP
   27 00000038 EF000002        SWI              #2
   28 0000003C E3A0001E        LDR              r0, =DELAY10U
   29 00000040 E2500001 
                       LOOP2   SUBS             r0, r0, #1
   30 00000044 1AFFFFFD        BNE              LOOP2
   31 00000048         BRANCHBACK
   32 00000048 EF000003        SWI              #3
   33 0000004C EAFFFFFE 
                       STOP    B                STOP
   34 00000050                 END
              E002C000 
              E0028000 
Command Line: --debug --xref --diag_suppress=9931 --apcs=interwork --depend=.\o
bjects\mycode.d -o.\objects\mycode.o -IC:\Keil_v5\ARM\RV31\INC -IC:\Keil_v5\ARM
\CMSIS\Include -IC:\Keil_v5\ARM\INC\Philips --predefine="__EVAL SETA 1" --prede
fine="__UVISION_VERSION SETA 525" --list=.\listings\mycode.lst mycode.s



ARM Macro Assembler    Page 1 Alphabetic symbol ordering
Relocatable symbols

BRANCHBACK 00000048

Symbol: BRANCHBACK
   Definitions
      At line 31 in file mycode.s
   Uses
      At line 2 in file mycode.s
Comment: BRANCHBACK used once
LOOP 00000030

Symbol: LOOP
   Definitions
      At line 25 in file mycode.s
   Uses
      At line 26 in file mycode.s
Comment: LOOP used once
LOOP2 00000040

Symbol: LOOP2
   Definitions
      At line 29 in file mycode.s
   Uses
      At line 30 in file mycode.s
Comment: LOOP2 used once
STOP 0000004C

Symbol: STOP
   Definitions
      At line 33 in file mycode.s
   Uses
      At line 33 in file mycode.s
Comment: STOP used once
SUBRTS 00000000

Symbol: SUBRTS
   Definitions
      At line 4 in file mycode.s
   Uses
      At line 1 in file mycode.s
Comment: SUBRTS used once
mycode 00000000

Symbol: mycode
   Definitions
      At line 3 in file mycode.s
   Uses
      None
Comment: mycode unused
6 symbols



ARM Macro Assembler    Page 1 Alphabetic symbol ordering
Absolute symbols

CLOCK 00B71B00

Symbol: CLOCK
   Definitions
      At line 11 in file mycode.s
   Uses
      At line 12 in file mycode.s
Comment: CLOCK used once
DELAY10U 0000001E

Symbol: DELAY10U
   Definitions
      At line 12 in file mycode.s
   Uses
      At line 24 in file mycode.s
      At line 28 in file mycode.s

IO0CLR 0000000C

Symbol: IO0CLR
   Definitions
      At line 9 in file mycode.s
   Uses
      None
Comment: IO0CLR unused
IO0DIR 00000008

Symbol: IO0DIR
   Definitions
      At line 8 in file mycode.s
   Uses
      At line 17 in file mycode.s
      At line 20 in file mycode.s

IO0PIN E0028000

Symbol: IO0PIN
   Definitions
      At line 6 in file mycode.s
   Uses
      At line 16 in file mycode.s
Comment: IO0PIN used once
IO0SET 00000004

Symbol: IO0SET
   Definitions
      At line 7 in file mycode.s
   Uses
      At line 22 in file mycode.s
Comment: IO0SET used once
LEDMASK 0000FF00

Symbol: LEDMASK
   Definitions
      At line 10 in file mycode.s
   Uses
      None
Comment: LEDMASK unused
PINSEL0 E002C000



ARM Macro Assembler    Page 2 Alphabetic symbol ordering
Absolute symbols


Symbol: PINSEL0
   Definitions
      At line 5 in file mycode.s
   Uses
      At line 14 in file mycode.s
Comment: PINSEL0 used once
8 symbols
348 symbols in table
