


ARM Macro Assembler    Page 1 


    1 00000000                 GLOBAL           user_code
    2 00000000                 IMPORT           LCD_pinss
    3 00000000                 IMPORT           LCD_inits
    4 00000000                 IMPORT           LCD_clear
    5 00000000                 IMPORT           LCD_cmds
    6 00000000                 IMPORT           LCD_strings
    7 00000000                 IMPORT           BRANCHBACK
    8 00000000                 AREA             mycode, CODE, readonly
    9 00000000         
   10 00000000 E0028000 
                       IO0PIN  EQU              0XE0028000
   11 00000000         
   12 00000000         user_code
   13 00000000 EBFFFFFE        BL               LCD_pinss
   14 00000004 EBFFFFFE        BL               LCD_inits
   15 00000008 E59F0044        LDR              R0,=IO0PIN
   16 0000000C E3A01101        MOV              R1, #0X40000000
   17 00000010 E5902000        LDR              R2,[R0]
   18 00000014 E1822001        ORR              R2,R2,R1
   19 00000018 E5802000        STR              R2,[R0]
   20 0000001C E3A06102        MOV              R6, #0X80000000
   21 00000020 EBFFFFFE        BL               LCD_cmds
   22 00000024 EBFFFFFE        BL               LCD_clear
   23 00000028 E3A060F0        MOV              R6, #0XF0   ;CURSOR SET AT LOCA
                                                            TION 00 LINE 1
   24 0000002C E59F8024        LDR              R8, =STRING1
   25 00000030 EBFFFFFE        BL               LCD_strings
   26 00000034         ;BL LCD_clear
   27 00000034 E3A060C0        MOV              R6, #0XC0   ;CURSOR SET AT LOCA
                                                            TION 40 LINE 2
   28 00000038 E59F801C        LDR              R8, =STRING2
   29 0000003C EBFFFFFE        BL               LCD_strings
   30 00000040 EAFFFFFE        B                BRANCHBACK
   31 00000044         
   32 00000044 42 45 53 
              54 00    STRING1 DCB              "BEST",0
   33 00000049 50 52 4F 
              46 45 53 
              53 4F 52 
              00       STRING2 DCB              "PROFESSOR",0
   34 00000053 00              ALIGN
   35 00000054                 END
              E0028000 
              00000000 
              00000000 
Command Line: --debug --xref --diag_suppress=9931 --apcs=interwork --depend=.\o
bjects\mydips.d -o.\objects\mydips.o -IC:\Keil_v5\ARM\RV31\INC -IC:\Keil_v5\ARM
\CMSIS\Include -IC:\Keil_v5\ARM\INC\Philips --predefine="__EVAL SETA 1" --prede
fine="__UVISION_VERSION SETA 525" --list=.\listings\mydips.lst mydips.s



ARM Macro Assembler    Page 1 Alphabetic symbol ordering
Relocatable symbols

STRING1 00000044

Symbol: STRING1
   Definitions
      At line 32 in file mydips.s
   Uses
      At line 24 in file mydips.s
Comment: STRING1 used once
STRING2 00000049

Symbol: STRING2
   Definitions
      At line 33 in file mydips.s
   Uses
      At line 28 in file mydips.s
Comment: STRING2 used once
mycode 00000000

Symbol: mycode
   Definitions
      At line 8 in file mydips.s
   Uses
      None
Comment: mycode unused
user_code 00000000

Symbol: user_code
   Definitions
      At line 12 in file mydips.s
   Uses
      At line 1 in file mydips.s
Comment: user_code used once
4 symbols



ARM Macro Assembler    Page 1 Alphabetic symbol ordering
Absolute symbols

IO0PIN E0028000

Symbol: IO0PIN
   Definitions
      At line 10 in file mydips.s
   Uses
      At line 15 in file mydips.s
Comment: IO0PIN used once
1 symbol



ARM Macro Assembler    Page 1 Alphabetic symbol ordering
External symbols

BRANCHBACK 00000000

Symbol: BRANCHBACK
   Definitions
      At line 7 in file mydips.s
   Uses
      At line 30 in file mydips.s
Comment: BRANCHBACK used once
LCD_clear 00000000

Symbol: LCD_clear
   Definitions
      At line 4 in file mydips.s
   Uses
      At line 22 in file mydips.s
Comment: LCD_clear used once
LCD_cmds 00000000

Symbol: LCD_cmds
   Definitions
      At line 5 in file mydips.s
   Uses
      At line 21 in file mydips.s
Comment: LCD_cmds used once
LCD_inits 00000000

Symbol: LCD_inits
   Definitions
      At line 3 in file mydips.s
   Uses
      At line 14 in file mydips.s
Comment: LCD_inits used once
LCD_pinss 00000000

Symbol: LCD_pinss
   Definitions
      At line 2 in file mydips.s
   Uses
      At line 13 in file mydips.s
Comment: LCD_pinss used once
LCD_strings 00000000

Symbol: LCD_strings
   Definitions
      At line 6 in file mydips.s
   Uses
      At line 25 in file mydips.s
      At line 29 in file mydips.s

6 symbols
345 symbols in table
