


ARM Macro Assembler    Page 1 


    1 00000000         ; mystartup
    2 00000000         ;Standard definitions of Mode bits and Interrupt (I & F)
                        flags in PSR s
    3 00000000 00000013 
                       SUP_MODE
                               EQU              0X13
    4 00000000 00000012 
                       IRQ_MODE
                               EQU              0X12
    5 00000000 00000011 
                       FIQ_MODE
                               EQU              0X11
    6 00000000 00000010 
                       USER_MODE
                               EQU              0X10
    7 00000000 00000080 
                       I_BIT   EQU              0x80        ; when I bit is set
                                                            , IRQ is disabled
    8 00000000 00000040 
                       F_BIT   EQU              0x40        ; when F bit is set
                                                            , FIQ is disabled
    9 00000000         
   10 00000000         ;Defintions of User Mode Stack and Size
   11 00000000 00000100 
                       USR_STACK_SIZE
                               EQU              0x100
   12 00000000 40000000 
                       SRAM    EQU              0X40000000
   13 00000000 00000200 
                       SUP_STACK_SIZE
                               EQU              0X200
   14 00000000 00000300 
                       IRQ_STACK_SIZE
                               EQU              0X300
   15 00000000 00000400 
                       FIQ_STACK_SIZE
                               EQU              0X400
   16 00000000 40000100 
                       STACK_TOP
                               EQU              SRAM+USR_STACK_SIZE
   17 00000000 40000200 
                       SUP_TOP EQU              SRAM+SUP_STACK_SIZE
   18 00000000 40000300 
                       IRQ_TOP EQU              SRAM+IRQ_STACK_SIZE
   19 00000000 40000400 
                       FIQ_TOP EQU              SRAM+FIQ_STACK_SIZE
   20 00000000         
   21 00000000         
   22 00000000                 AREA             RESET, CODE, READONLY
   23 00000000                 ENTRY
   24 00000000                 ARM
   25 00000000         ;IMPORT USER_CODE
   26 00000000                 IMPORT           SWI_HANDLER
   27 00000000         ;IMPORT IRQ_HANDLER
   28 00000000         ;IMPORT FIQ_HANDLER
   29 00000000         
   30 00000000         VECTORS
   31 00000000         
   32 00000000 E59FF018        LDR              PC,Reset_Addr



ARM Macro Assembler    Page 2 


   33 00000004 E59FF018        LDR              PC,Undef_Addr
   34 00000008 E59FF018        LDR              PC,SWI_Addr
   35 0000000C E59FF018        LDR              PC,PAbt_Addr
   36 00000010 E59FF018        LDR              PC,DAbt_Addr
   37 00000014 E1A00000        NOP
   38 00000018 E59FF018        LDR              PC,IRQ_Addr
   39 0000001C E59FF018        LDR              PC,FIQ_Addr
   40 00000020         
   41 00000020 00000000 
                       Reset_Addr
                               DCD              Reset_Handler
   42 00000024 00000000 
                       Undef_Addr
                               DCD              UndefHandler
   43 00000028 00000000 
                       SWI_Addr
                               DCD              SWI_HANDLER
   44 0000002C 00000000 
                       PAbt_Addr
                               DCD              PAbtHandler
   45 00000030 00000000 
                       DAbt_Addr
                               DCD              DAbtHandler
   46 00000034 00000000        DCD              0
   47 00000038         
   48 00000038 00000000 
                       IRQ_Addr
                               DCD              IRQHandler
   49 0000003C 00000000 
                       FIQ_Addr
                               DCD              FIQHandler
   50 00000040         
   51 00000040         ;SWIHandler      B        SWIHandler
   52 00000040 EAFFFFFE 
                       PAbtHandler
                               B                PAbtHandler
   53 00000044 EAFFFFFE 
                       DAbtHandler
                               B                DAbtHandler
   54 00000048 EAFFFFFE 
                       IRQHandler
                               B                IRQHandler
   55 0000004C EAFFFFFE 
                       FIQHandler
                               B                FIQHandler
   56 00000050 EAFFFFFE 
                       UndefHandler
                               B                UndefHandler
   57 00000054         
   58 00000054 E01FC000 
                       MAMCR   EQU              0xE01FC000
   59 00000054 E01FC004 
                       MAMTIM  EQU              0xE01FC004
   60 00000054         Reset_Handler
   61 00000054 E002C004 
                       PINSEL1 EQU              0XE002C004
   62 00000054 00000001 
                       EINT0   EQU              0X1
   63 00000054 00000300 



ARM Macro Assembler    Page 3 


                       EINT3   EQU              0X300
   64 00000054 E01FC148 
                       EXTMODE EQU              0XE01FC148
   65 00000054 E01FC14C 
                       EXTPOLAR
                               EQU              0XE01FC14C
   66 00000054 E01FC140 
                       EXTINT  EQU              0XE01FC140
   67 00000054 00000009 
                       UPEDGE  EQU              0X9
   68 00000054         
   69 00000054 E59F10A4        LDR              R1,=MAMCR
   70 00000058 E3A00000        MOV              R0,#0x0
   71 0000005C E5810000        STR              R0,[R1]
   72 00000060 E59F209C        LDR              R2,=MAMTIM
   73 00000064 E3A00001        MOV              R0,#0x1
   74 00000068 E5820000        STR              R0,[R2]
   75 0000006C E3A00002        MOV              R0,#0x2
   76 00000070 E5810000        STR              R0,[R1]
   77 00000074         ;~~~~~~~~~~~~~~~~~~~~~~~~~~~~~~~~~~~~~~~~~~~~~~~~~~~~~~~
                       ~~~~~~~~~~~~~~~~~~~~~~
   78 00000074         ;SETTING OF THE EXTERNAL INTERRUPTS
   79 00000074 E59F008C        LDR              R0, =PINSEL1
   80 00000078 E5901000        LDR              R1, [R0]
   81 0000007C E3C11003        BIC              R1, #0X3
   82 00000080 E3C11C03        BIC              R1, #0X300
   83 00000084 E3811001        ORR              R1, R1, #EINT0 ;SETS 01 VALUE A
                                                            T BITS 1:0 FOR EINT
                                                            0
   84 00000088 E3811C03        ORR              R1,R1,#EINT3 ;SETS 11 VALUE AT 
                                                            BITS 9:8 FOR EINT3
   85 0000008C E5801000        STR              R1,[R0]
   86 00000090         ;~~~~~~~~~~~~~~~~~~~~~~~~~~~~~~~~~~~~~~~~~~~~~~~~~~~~~~~
                       ~~~~~~~~~~~~~~~~~~~~~~
   87 00000090         ;EXTMODE SETTING EDGE-SENSITIVITY
   88 00000090 E59F2074        LDR              R2, =EXTMODE
   89 00000094 E5921000        LDR              R1, [R2]
   90 00000098 E3811009        ORR              R1,R1,#UPEDGE
   91 0000009C E5821000        STR              R1,[R2]
   92 000000A0         ;~~~~~~~~~~~~~~~~~~~~~~~~~~~~~~~~~~~~~~~~~~~~~~~~~~~~~~~
                       ~~~~~~~~~~~~~~~~~~~~~~
   93 000000A0         ;EXTMODE SETTING HIGH ACTIVE
   94 000000A0 E59F2068        LDR              R2, =EXTPOLAR
   95 000000A4 E5921000        LDR              R1, [R2]
   96 000000A8 E3811009        ORR              R1,R1,#UPEDGE
   97 000000AC E5821000        STR              R1,[R2]
   98 000000B0         ;~~~~~~~~~~~~~~~~~~~~~~~~~~~~~~~~~~~~~~~~~~~~~~~~~~~~~~~
                       ~~~~~~~~~~~~~~~~~~~~~~
   99 000000B0         ;EXTINT SETTING FLAGS AT 0X9 SILENCING INTERRUPTS
  100 000000B0 E3A01009        MOV              R1, #0X9
  101 000000B4 E59F2058        LDR              R2, =EXTINT
  102 000000B8 E5821000        STR              R1,[R2]
  103 000000BC         ;~~~~~~~~~~~~~~~~~~~~~~~~~~~~~~~~~~~~~~~~~~~~~~~~~~~~~~~
                       ~~~~~~~~~~~~~~~~~~~~~~
  104 000000BC         ;ENTER SUPERVISOR MODE
  105 000000BC E3A0E013        MOV              R14, #SUP_MODE
  106 000000C0 E38EE0C0        ORR              R14,R14,#(I_BIT+F_BIT)
  107 000000C4 E121F00E        MSR              CPSR_c, R14
  108 000000C8         ;INITIALIZE THE STACK, FD



ARM Macro Assembler    Page 4 


  109 000000C8 E59FD048        LDR              SP, =SUP_TOP
  110 000000CC         ;LOAD THE START OF ADDRESS OF SUP CODE INTO PC
  111 000000CC         ;~~~~~~~~~~~~~~~~~~~~~~~~~~~~~~~~~~~~~~~~~~~~~~~~~~~~~~~
                       ~~~~~~~~~~~~~~~~~~~~~~
  112 000000CC         ;ENTER IRQ MODE
  113 000000CC E3A0E012        MOV              R14, #IRQ_MODE
  114 000000D0 E38EE0C0        ORR              R14,R14,#(I_BIT+F_BIT)
  115 000000D4 E121F00E        MSR              CPSR_c, R14
  116 000000D8         ;INITIALIZE THE STACK, FD
  117 000000D8 E59FD03C        LDR              SP, =IRQ_TOP
  118 000000DC         ;LOAD THE START OF ADDRESS OF SUP CODE INTO PC
  119 000000DC         ;~~~~~~~~~~~~~~~~~~~~~~~~~~~~~~~~~~~~~~~~~~~~~~~~~~~~~~~
                       ~~~~~~~~~~~~~~~~~~~~~~
  120 000000DC         ;ENTER FIQ MODE
  121 000000DC E3A0E011        MOV              R14, #FIQ_MODE
  122 000000E0 E38EE0C0        ORR              R14,R14,#(I_BIT+F_BIT)
  123 000000E4 E121F00E        MSR              CPSR_c, R14
  124 000000E8         ;INITIALIZE THE STACK, FD
  125 000000E8 E59FD030        LDR              SP, =FIQ_TOP
  126 000000EC         ;LOAD THE START OF ADDRESS OF SUP CODE INTO PC
  127 000000EC         ;~~~~~~~~~~~~~~~~~~~~~~~~~~~~~~~~~~~~~~~~~~~~~~~~~~~~~~~
                       ~~~~~~~~~~~~~~~~~~~~~~
  128 000000EC         ; Enter User Mode with interrupts enabled
  129 000000EC E3A0E010        MOV              r14, #USER_MODE
  130 000000F0 E3CEE0C0        BIC              r14,r14,#(I_BIT+F_BIT)
  131 000000F4 E121F00E        MSR              CPSR_c, r14
  132 000000F8         ;initialize the stack, full descending
  133 000000F8 E59FD024        LDR              SP, =STACK_TOP
  134 000000FC         ;load start address of user code into PC
  135 000000FC         ;LDR  pc, =USER_CODE
  136 000000FC         
  137 000000FC EAFFFFFE        B                SUBRTS
  138 00000100         
  139 00000100                 IMPORT           SUBRTS
  140 00000100                 END
              E01FC000 
              E01FC004 
              E002C004 
              E01FC148 
              E01FC14C 
              E01FC140 
              40000200 
              40000300 
              40000400 
              40000100 
Command Line: --debug --xref --diag_suppress=9931 --apcs=interwork --depend=.\o
bjects\mystartup.d -o.\objects\mystartup.o -IC:\Keil_v5\ARM\RV31\INC -IC:\Keil_
v5\ARM\CMSIS\Include -IC:\Keil_v5\ARM\INC\Philips --predefine="__EVAL SETA 1" -
-predefine="__UVISION_VERSION SETA 525" --list=.\listings\mystartup.lst mystart
up.s



ARM Macro Assembler    Page 1 Alphabetic symbol ordering
Relocatable symbols

DAbtHandler 00000044

Symbol: DAbtHandler
   Definitions
      At line 53 in file mystartup.s
   Uses
      At line 45 in file mystartup.s
      At line 53 in file mystartup.s

DAbt_Addr 00000030

Symbol: DAbt_Addr
   Definitions
      At line 45 in file mystartup.s
   Uses
      At line 36 in file mystartup.s
Comment: DAbt_Addr used once
FIQHandler 0000004C

Symbol: FIQHandler
   Definitions
      At line 55 in file mystartup.s
   Uses
      At line 49 in file mystartup.s
      At line 55 in file mystartup.s

FIQ_Addr 0000003C

Symbol: FIQ_Addr
   Definitions
      At line 49 in file mystartup.s
   Uses
      At line 39 in file mystartup.s
Comment: FIQ_Addr used once
IRQHandler 00000048

Symbol: IRQHandler
   Definitions
      At line 54 in file mystartup.s
   Uses
      At line 48 in file mystartup.s
      At line 54 in file mystartup.s

IRQ_Addr 00000038

Symbol: IRQ_Addr
   Definitions
      At line 48 in file mystartup.s
   Uses
      At line 38 in file mystartup.s
Comment: IRQ_Addr used once
PAbtHandler 00000040

Symbol: PAbtHandler
   Definitions
      At line 52 in file mystartup.s
   Uses
      At line 44 in file mystartup.s
      At line 52 in file mystartup.s



ARM Macro Assembler    Page 2 Alphabetic symbol ordering
Relocatable symbols


PAbt_Addr 0000002C

Symbol: PAbt_Addr
   Definitions
      At line 44 in file mystartup.s
   Uses
      At line 35 in file mystartup.s
Comment: PAbt_Addr used once
RESET 00000000

Symbol: RESET
   Definitions
      At line 22 in file mystartup.s
   Uses
      None
Comment: RESET unused
Reset_Addr 00000020

Symbol: Reset_Addr
   Definitions
      At line 41 in file mystartup.s
   Uses
      At line 32 in file mystartup.s
Comment: Reset_Addr used once
Reset_Handler 00000054

Symbol: Reset_Handler
   Definitions
      At line 60 in file mystartup.s
   Uses
      At line 41 in file mystartup.s
Comment: Reset_Handler used once
SWI_Addr 00000028

Symbol: SWI_Addr
   Definitions
      At line 43 in file mystartup.s
   Uses
      At line 34 in file mystartup.s
Comment: SWI_Addr used once
UndefHandler 00000050

Symbol: UndefHandler
   Definitions
      At line 56 in file mystartup.s
   Uses
      At line 42 in file mystartup.s
      At line 56 in file mystartup.s

Undef_Addr 00000024

Symbol: Undef_Addr
   Definitions
      At line 42 in file mystartup.s
   Uses
      At line 33 in file mystartup.s
Comment: Undef_Addr used once
VECTORS 00000000



ARM Macro Assembler    Page 3 Alphabetic symbol ordering
Relocatable symbols


Symbol: VECTORS
   Definitions
      At line 30 in file mystartup.s
   Uses
      None
Comment: VECTORS unused
15 symbols



ARM Macro Assembler    Page 1 Alphabetic symbol ordering
Absolute symbols

EINT0 00000001

Symbol: EINT0
   Definitions
      At line 62 in file mystartup.s
   Uses
      At line 83 in file mystartup.s
Comment: EINT0 used once
EINT3 00000300

Symbol: EINT3
   Definitions
      At line 63 in file mystartup.s
   Uses
      At line 84 in file mystartup.s
Comment: EINT3 used once
EXTINT E01FC140

Symbol: EXTINT
   Definitions
      At line 66 in file mystartup.s
   Uses
      At line 101 in file mystartup.s
Comment: EXTINT used once
EXTMODE E01FC148

Symbol: EXTMODE
   Definitions
      At line 64 in file mystartup.s
   Uses
      At line 88 in file mystartup.s
Comment: EXTMODE used once
EXTPOLAR E01FC14C

Symbol: EXTPOLAR
   Definitions
      At line 65 in file mystartup.s
   Uses
      At line 94 in file mystartup.s
Comment: EXTPOLAR used once
FIQ_MODE 00000011

Symbol: FIQ_MODE
   Definitions
      At line 5 in file mystartup.s
   Uses
      At line 121 in file mystartup.s
Comment: FIQ_MODE used once
FIQ_STACK_SIZE 00000400

Symbol: FIQ_STACK_SIZE
   Definitions
      At line 15 in file mystartup.s
   Uses
      At line 19 in file mystartup.s
Comment: FIQ_STACK_SIZE used once
FIQ_TOP 40000400

Symbol: FIQ_TOP



ARM Macro Assembler    Page 2 Alphabetic symbol ordering
Absolute symbols

   Definitions
      At line 19 in file mystartup.s
   Uses
      At line 125 in file mystartup.s
Comment: FIQ_TOP used once
F_BIT 00000040

Symbol: F_BIT
   Definitions
      At line 8 in file mystartup.s
   Uses
      At line 106 in file mystartup.s
      At line 114 in file mystartup.s
      At line 122 in file mystartup.s
      At line 130 in file mystartup.s

IRQ_MODE 00000012

Symbol: IRQ_MODE
   Definitions
      At line 4 in file mystartup.s
   Uses
      At line 113 in file mystartup.s
Comment: IRQ_MODE used once
IRQ_STACK_SIZE 00000300

Symbol: IRQ_STACK_SIZE
   Definitions
      At line 14 in file mystartup.s
   Uses
      At line 18 in file mystartup.s
Comment: IRQ_STACK_SIZE used once
IRQ_TOP 40000300

Symbol: IRQ_TOP
   Definitions
      At line 18 in file mystartup.s
   Uses
      At line 117 in file mystartup.s
Comment: IRQ_TOP used once
I_BIT 00000080

Symbol: I_BIT
   Definitions
      At line 7 in file mystartup.s
   Uses
      At line 106 in file mystartup.s
      At line 114 in file mystartup.s
      At line 122 in file mystartup.s
      At line 130 in file mystartup.s

MAMCR E01FC000

Symbol: MAMCR
   Definitions
      At line 58 in file mystartup.s
   Uses
      At line 69 in file mystartup.s
Comment: MAMCR used once



ARM Macro Assembler    Page 3 Alphabetic symbol ordering
Absolute symbols

MAMTIM E01FC004

Symbol: MAMTIM
   Definitions
      At line 59 in file mystartup.s
   Uses
      At line 72 in file mystartup.s
Comment: MAMTIM used once
PINSEL1 E002C004

Symbol: PINSEL1
   Definitions
      At line 61 in file mystartup.s
   Uses
      At line 79 in file mystartup.s
Comment: PINSEL1 used once
SRAM 40000000

Symbol: SRAM
   Definitions
      At line 12 in file mystartup.s
   Uses
      At line 16 in file mystartup.s
      At line 17 in file mystartup.s
      At line 18 in file mystartup.s
      At line 19 in file mystartup.s

STACK_TOP 40000100

Symbol: STACK_TOP
   Definitions
      At line 16 in file mystartup.s
   Uses
      At line 133 in file mystartup.s
Comment: STACK_TOP used once
SUP_MODE 00000013

Symbol: SUP_MODE
   Definitions
      At line 3 in file mystartup.s
   Uses
      At line 105 in file mystartup.s
Comment: SUP_MODE used once
SUP_STACK_SIZE 00000200

Symbol: SUP_STACK_SIZE
   Definitions
      At line 13 in file mystartup.s
   Uses
      At line 17 in file mystartup.s
Comment: SUP_STACK_SIZE used once
SUP_TOP 40000200

Symbol: SUP_TOP
   Definitions
      At line 17 in file mystartup.s
   Uses
      At line 109 in file mystartup.s
Comment: SUP_TOP used once



ARM Macro Assembler    Page 4 Alphabetic symbol ordering
Absolute symbols

UPEDGE 00000009

Symbol: UPEDGE
   Definitions
      At line 67 in file mystartup.s
   Uses
      At line 90 in file mystartup.s
      At line 96 in file mystartup.s

USER_MODE 00000010

Symbol: USER_MODE
   Definitions
      At line 6 in file mystartup.s
   Uses
      At line 129 in file mystartup.s
Comment: USER_MODE used once
USR_STACK_SIZE 00000100

Symbol: USR_STACK_SIZE
   Definitions
      At line 11 in file mystartup.s
   Uses
      At line 16 in file mystartup.s
Comment: USR_STACK_SIZE used once
24 symbols



ARM Macro Assembler    Page 1 Alphabetic symbol ordering
External symbols

SUBRTS 00000000

Symbol: SUBRTS
   Definitions
      At line 139 in file mystartup.s
   Uses
      At line 137 in file mystartup.s
Comment: SUBRTS used once
SWI_HANDLER 00000000

Symbol: SWI_HANDLER
   Definitions
      At line 26 in file mystartup.s
   Uses
      At line 43 in file mystartup.s
Comment: SWI_HANDLER used once
2 symbols
375 symbols in table
