


ARM Macro Assembler    Page 1 


    1 00000000                 GLOBAL           SWI_HANDLER
    2 00000000                 IMPORT           user_code
    3 00000000                 AREA             SWIHANDLER, CODE, READONLY
    4 00000000         
    5 00000000         SWI_HANDLER
    6 00000000 E002C000 
                       PINSEL0 EQU              0XE002C000
    7 00000000 E0028000 
                       IO0PIN  EQU              0XE0028000
    8 00000000 00000004 
                       IO0SET  EQU              0X4
    9 00000000 00000008 
                       IO0DIR  EQU              0X8
   10 00000000 0000000C 
                       IO0CLR  EQU              0XC
   11 00000000 0000FF00 
                       LEDMASK EQU              0xFF00
   12 00000000 00B71B00 
                       CLOCK   EQU              12000000
   13 00000000 002DC6C0 
                       DELAY1S EQU              (CLOCK/4)
   14 00000000 E92D407F        STMFD            SP!, {R0-R6, LR}
   15 00000004 E24E0004        SUB              R0, LR, #4
   16 00000008 E5901000        LDR              R1, [R0]
   17 0000000C E3C114FF        BIC              R1, #0XFF000000
   18 00000010 E3310001        TEQ              R1, #1
   19 00000014 0B00000A        BLEQ             LED_LIGHT
   20 00000018 E59F006C        LDR              r0, =DELAY1S
   21 0000001C E2500001 
                       LOOP3   SUBS             r0, r0, #1
   22 00000020 1AFFFFFD        BNE              LOOP3
   23 00000024 E3310002        TEQ              R1, #2
   24 00000028 0BFFFFFE        BLEQ             user_code
   25 0000002C E59F0058        LDR              r0, =DELAY1S
   26 00000030 E2500001 
                       LOOP4   SUBS             r0, r0, #1
   27 00000034 1AFFFFFD        BNE              LOOP4
   28 00000038 E3310003        TEQ              R1, #3
   29 0000003C 0B000009        BLEQ             LED_OFF
   30 00000040 E8FD807F        LDMFD            SP!, {R0-R6, PC}^
   31 00000044         
   32 00000044         
   33 00000044         LED_LIGHT
   34 00000044 E92D407F        STMFD            SP!, {R0-R6, LR}
   35 00000048 E10F0000        MRS              R0, CPSR
   36 0000004C E92D0001        STMFD            SP!, {R0}
   37 00000050 E59F3038        LDR              R3, =IO0PIN
   38 00000054 E3A02CFF        MOV              R2, #LEDMASK ;turn LED's on
   39 00000058 E583200C        STR              R2,[R3,#IO0CLR]
   40 0000005C E8BD0001        LDMFD            SP!, {R0}
   41 00000060 E128F000        MSR              CPSR_f, R0
   42 00000064 E8BD807F        LDMFD            SP!, {R0-R6,PC}
   43 00000068         LED_OFF
   44 00000068 E92D407F        STMFD            SP!, {R0-R6, LR}
   45 0000006C E10F0000        MRS              R0, CPSR
   46 00000070 E92D0001        STMFD            SP!, {R0}
   47 00000074 E59F3014        LDR              R3, =IO0PIN
   48 00000078 E3A02CFF        MOV              R2, #LEDMASK
   49 0000007C E5832004        STR              R2,[R3,#IO0SET] ;TURN ALL OFF



ARM Macro Assembler    Page 2 


   50 00000080 E8BD0001        LDMFD            SP!, {R0}
   51 00000084 E128F000        MSR              CPSR_f, R0
   52 00000088 E8BD807F        LDMFD            SP!, {R0-R6,PC}
   53 0000008C                 END
              002DC6C0 
              E0028000 
Command Line: --debug --xref --diag_suppress=9931 --apcs=interwork --depend=.\o
bjects\swi_handler.d -o.\objects\swi_handler.o -IC:\Keil_v5\ARM\RV31\INC -IC:\K
eil_v5\ARM\CMSIS\Include -IC:\Keil_v5\ARM\INC\Philips --predefine="__EVAL SETA 
1" --predefine="__UVISION_VERSION SETA 525" --list=.\listings\swi_handler.lst S
WI_HANDLER.s



ARM Macro Assembler    Page 1 Alphabetic symbol ordering
Relocatable symbols

LED_LIGHT 00000044

Symbol: LED_LIGHT
   Definitions
      At line 33 in file SWI_HANDLER.s
   Uses
      At line 19 in file SWI_HANDLER.s
Comment: LED_LIGHT used once
LED_OFF 00000068

Symbol: LED_OFF
   Definitions
      At line 43 in file SWI_HANDLER.s
   Uses
      At line 29 in file SWI_HANDLER.s
Comment: LED_OFF used once
LOOP3 0000001C

Symbol: LOOP3
   Definitions
      At line 21 in file SWI_HANDLER.s
   Uses
      At line 22 in file SWI_HANDLER.s
Comment: LOOP3 used once
LOOP4 00000030

Symbol: LOOP4
   Definitions
      At line 26 in file SWI_HANDLER.s
   Uses
      At line 27 in file SWI_HANDLER.s
Comment: LOOP4 used once
SWIHANDLER 00000000

Symbol: SWIHANDLER
   Definitions
      At line 3 in file SWI_HANDLER.s
   Uses
      None
Comment: SWIHANDLER unused
SWI_HANDLER 00000000

Symbol: SWI_HANDLER
   Definitions
      At line 5 in file SWI_HANDLER.s
   Uses
      At line 1 in file SWI_HANDLER.s
Comment: SWI_HANDLER used once
6 symbols



ARM Macro Assembler    Page 1 Alphabetic symbol ordering
Absolute symbols

CLOCK 00B71B00

Symbol: CLOCK
   Definitions
      At line 12 in file SWI_HANDLER.s
   Uses
      At line 13 in file SWI_HANDLER.s
Comment: CLOCK used once
DELAY1S 002DC6C0

Symbol: DELAY1S
   Definitions
      At line 13 in file SWI_HANDLER.s
   Uses
      At line 20 in file SWI_HANDLER.s
      At line 25 in file SWI_HANDLER.s

IO0CLR 0000000C

Symbol: IO0CLR
   Definitions
      At line 10 in file SWI_HANDLER.s
   Uses
      At line 39 in file SWI_HANDLER.s
Comment: IO0CLR used once
IO0DIR 00000008

Symbol: IO0DIR
   Definitions
      At line 9 in file SWI_HANDLER.s
   Uses
      None
Comment: IO0DIR unused
IO0PIN E0028000

Symbol: IO0PIN
   Definitions
      At line 7 in file SWI_HANDLER.s
   Uses
      At line 37 in file SWI_HANDLER.s
      At line 47 in file SWI_HANDLER.s

IO0SET 00000004

Symbol: IO0SET
   Definitions
      At line 8 in file SWI_HANDLER.s
   Uses
      At line 49 in file SWI_HANDLER.s
Comment: IO0SET used once
LEDMASK 0000FF00

Symbol: LEDMASK
   Definitions
      At line 11 in file SWI_HANDLER.s
   Uses
      At line 38 in file SWI_HANDLER.s
      At line 48 in file SWI_HANDLER.s




ARM Macro Assembler    Page 2 Alphabetic symbol ordering
Absolute symbols

PINSEL0 E002C000

Symbol: PINSEL0
   Definitions
      At line 6 in file SWI_HANDLER.s
   Uses
      None
Comment: PINSEL0 unused
8 symbols



ARM Macro Assembler    Page 1 Alphabetic symbol ordering
External symbols

user_code 00000000

Symbol: user_code
   Definitions
      At line 2 in file SWI_HANDLER.s
   Uses
      At line 24 in file SWI_HANDLER.s
Comment: user_code used once
1 symbol
349 symbols in table
